<?xml version="1.0" encoding="UTF-8"?>
<!-- Generated by org.testng.reporters.JUnitReportReporter -->
<testsuite skipped="0" hostname="LAPTOP-OCA30NA0" name="co.shorttermloan.credit.testcases.TC001_VerifySliderMovement" tests="3" failures="0" timestamp="21 Jun 2020 22:13:54 GMT" time="54.195" errors="0">
  <testcase name="VerifySliderMove" time="14.838" classname="co.shorttermloan.credit.testcases.TC001_VerifySliderMovement"/>
  <testcase name="VerifySliderMove" time="18.908" classname="co.shorttermloan.credit.testcases.TC001_VerifySliderMovement"/>
  <testcase name="VerifySliderMove" time="20.449" classname="co.shorttermloan.credit.testcases.TC001_VerifySliderMovement"/>
</testsuite> <!-- co.shorttermloan.credit.testcases.TC001_VerifySliderMovement -->
