<?xml version="1.0" encoding="UTF-8"?>
<!-- Generated by org.testng.reporters.JUnitReportReporter -->
<testsuite skipped="0" hostname="LAPTOP-OCA30NA0" name="co.shorttermloan.credit.testcases.TC003_MinMaxLoanAmountOnTheSlider" tests="1" failures="0" timestamp="22 Jun 2020 02:01:01 GMT" time="16.507" errors="0">
  <testcase name="VerifySliderMove" time="16.507" classname="co.shorttermloan.credit.testcases.TC003_MinMaxLoanAmountOnTheSlider"/>
</testsuite> <!-- co.shorttermloan.credit.testcases.TC003_MinMaxLoanAmountOnTheSlider -->
