<?xml version="1.0" encoding="UTF-8"?>
<!-- Generated by org.testng.reporters.JUnitReportReporter -->
<testsuite skipped="0" hostname="LAPTOP-OCA30NA0" name="co.shorttermloan.credit.testcases.TC004_VerifyRepaymentDateForWeekendDay" tests="1" failures="0" timestamp="22 Jun 2020 02:01:01 GMT" time="19.962" errors="0">
  <testcase name="VerifyWeekendPayDate" time="19.962" classname="co.shorttermloan.credit.testcases.TC004_VerifyRepaymentDateForWeekendDay"/>
</testsuite> <!-- co.shorttermloan.credit.testcases.TC004_VerifyRepaymentDateForWeekendDay -->
