<?xml version="1.0" encoding="UTF-8"?>
<!-- Generated by org.testng.reporters.JUnitReportReporter -->
<testsuite skipped="0" hostname="LAPTOP-OCA30NA0" name="co.shorttermloan.credit.testcases.TC002_VerifySliderMovementLeft" tests="3" failures="0" timestamp="22 Jun 2020 02:01:01 GMT" time="46.616" errors="0">
  <testcase name="VerifySliderMove" time="12.902" classname="co.shorttermloan.credit.testcases.TC002_VerifySliderMovementLeft"/>
  <testcase name="VerifySliderMove" time="17.268" classname="co.shorttermloan.credit.testcases.TC002_VerifySliderMovementLeft"/>
  <testcase name="VerifySliderMove" time="16.446" classname="co.shorttermloan.credit.testcases.TC002_VerifySliderMovementLeft"/>
</testsuite> <!-- co.shorttermloan.credit.testcases.TC002_VerifySliderMovementLeft -->
