<?xml version="1.0" encoding="UTF-8"?>
<!-- Generated by org.testng.reporters.JUnitReportReporter -->
<testsuite skipped="0" hostname="LAPTOP-OCA30NA0" name="co.shorttermloan.credit.testcases.TC001_VerifySliderMovementRight" tests="3" failures="0" timestamp="22 Jun 2020 02:01:01 GMT" time="45.980" errors="0">
  <testcase name="VerifySliderMove" time="13.437" classname="co.shorttermloan.credit.testcases.TC001_VerifySliderMovementRight"/>
  <testcase name="VerifySliderMove" time="15.757" classname="co.shorttermloan.credit.testcases.TC001_VerifySliderMovementRight"/>
  <testcase name="VerifySliderMove" time="16.786" classname="co.shorttermloan.credit.testcases.TC001_VerifySliderMovementRight"/>
</testsuite> <!-- co.shorttermloan.credit.testcases.TC001_VerifySliderMovementRight -->
